0 info it worked if it ends with ok
1 verbose cli [ 'E:\\NODE.JS\\node.exe',
1 verbose cli   'E:\\NODE.JS\\node_modules\\npm\\bin\\npm-cli.js',
1 verbose cli   'run',
1 verbose cli   'dev-server' ]
2 info using npm@3.10.10
3 info using node@v6.9.5
4 verbose run-script [ 'predev-server', 'dev-server', 'postdev-server' ]
5 info lifecycle study1@1.0.0~predev-server: study1@1.0.0
6 silly lifecycle study1@1.0.0~predev-server: no script for predev-server, continuing
7 info lifecycle study1@1.0.0~dev-server: study1@1.0.0
8 verbose lifecycle study1@1.0.0~dev-server: unsafe-perm in lifecycle true
9 verbose lifecycle study1@1.0.0~dev-server: PATH: E:\NODE.JS\node_modules\npm\bin\node-gyp-bin;G:\git_repository_study2\study2\webpack_study\study1\node_modules\.bin;E:\JDK\JDK8\bin;C:\oracle\ora90\bin;C:\Windows\system32;C:\Windows;C:\Windows\System32\Wbem;C:\Windows\System32\WindowsPowerShell\v1.0\;c:/gzxymis/system;E:\Tomcat\apache-tomcat-7.0.70-windows-x64\apache-tomcat-7.0.70\lib;E:\Tomcat\apache-tomcat-7.0.70-windows-x64\apache-tomcat-7.0.70\bin;E:\redis\;E:\tortoiseSVN\bin;E:\Git\cmd;E:\NODE.JS\;E:\gradle\gradle-3.2.1\bin;E:\google protobuf\bin;C:\Users\hxy.GZGY\AppData\Roaming\npm;
10 verbose lifecycle study1@1.0.0~dev-server: CWD: G:\git_repository_study2\study2\webpack_study\study1
11 silly lifecycle study1@1.0.0~dev-server: Args: [ '/d /s /c',
11 silly lifecycle   'webpack-dev-server --hot --inline --content-base ./dist' ]
12 verbose stack Error: kill ENOSYS
12 verbose stack     at exports._errnoException (util.js:1022:11)
12 verbose stack     at process.kill (internal/process.js:172:13)
12 verbose stack     at process.listener (E:\NODE.JS\node_modules\npm\node_modules\npmlog\node_modules\gauge\node_modules\signal-exit\index.js:86:15)
12 verbose stack     at emitNone (events.js:91:20)
12 verbose stack     at process.emit (events.js:185:7)
12 verbose stack     at processEmit (E:\NODE.JS\node_modules\npm\node_modules\npmlog\node_modules\gauge\node_modules\signal-exit\index.js:146:32)
12 verbose stack     at processEmit (E:\NODE.JS\node_modules\npm\node_modules\npm-registry-client\node_modules\npmlog\node_modules\gauge\node_modules\signal-exit\index.js:146:32)
12 verbose stack     at Signal.wrap.onsignal (internal/process.js:199:44)
13 verbose cwd G:\git_repository_study2\study2\webpack_study\study1
14 error Windows_NT 6.1.7600
15 error argv "E:\\NODE.JS\\node.exe" "E:\\NODE.JS\\node_modules\\npm\\bin\\npm-cli.js" "run" "dev-server"
16 error node v6.9.5
17 error npm  v3.10.10
18 error code ENOSYS
19 error errno ENOSYS
20 error syscall kill
21 error kill ENOSYS
22 error If you need help, you may report this error at:
22 error     <https://github.com/npm/npm/issues>
23 verbose exit [ 1, true ]
